<?xml version="1.0" encoding="UTF-8"?>
<!-- Generated by org.testng.reporters.JUnitXMLReporter -->
<testsuite hostname="awojtowicz" ignored="0" name="Sandbox" tests="6" failures="2" timestamp="08 sie 2018 17:07:59 GMT" time="85.404" errors="0">
  <testcase name="testContactDeletion" time="4.015" classname="ru.stqa.pft.addressbook.test.ContactDeletionTest"/>
  <testcase name="testContactModification" time="6.043" classname="ru.stqa.pft.addressbook.test.ContactModificationTest">
    <failure type="java.lang.AssertionError" message="Lists differ at element [7]: ContactData{id=&amp;apos;41&amp;apos;, name=&amp;apos;Jezierska Hanna +483453845&amp;apos;} != ContactData{id=&amp;apos;41&amp;apos;, name=&amp;apos;Hanna&amp;apos;} expected [ContactData{id=&amp;apos;41&amp;apos;, name=&amp;apos;Jezierska Hanna +483453845&amp;apos;}] but found [ContactData{id=&amp;apos;41&amp;apos;, name=&amp;apos;Hanna&amp;apos;}]">
      <![CDATA[java.lang.AssertionError: Lists differ at element [7]: ContactData{id='41', name='Jezierska Hanna +483453845'} != ContactData{id='41', name='Hanna'} expected [ContactData{id='41', name='Jezierska Hanna +483453845'}] but found [ContactData{id='41', name='Hanna'}]
at ru.stqa.pft.addressbook.test.ContactModificationTest.testContactModification(ContactModificationTest.java:36)
... Removed 29 stack frames]]>
    </failure>
  </testcase> <!-- testContactModification -->
  <testcase name="testGroupCreationTest" time="5.373" classname="ru.stqa.pft.addressbook.test.GroupCreationTest"/>
  <testcase name="testGroupDeletion" time="3.131" classname="ru.stqa.pft.addressbook.test.GroupDeletionTest"/>
  <testcase name="testGroupModification" time="4.717" classname="ru.stqa.pft.addressbook.test.GroupModificationTest"/>
  <testcase name="testNewContactCreation" time="5.175" classname="ru.stqa.pft.addressbook.test.NewContactCreation">
    <failure type="java.lang.AssertionError" message="Lists differ at element [8]: ContactData{id=&amp;apos;43&amp;apos;, name=&amp;apos;Jezierska Hanna +483453845&amp;apos;} != ContactData{id=&amp;apos;2147483647&amp;apos;, name=&amp;apos;Hanna&amp;apos;} expected [ContactData{id=&amp;apos;43&amp;apos;, name=&amp;apos;Jezierska Hanna +483453845&amp;apos;}] but found [ContactData{id=&amp;apos;2147483647&amp;apos;, name=&amp;apos;Hanna&amp;apos;}]">
      <![CDATA[java.lang.AssertionError: Lists differ at element [8]: ContactData{id='43', name='Jezierska Hanna +483453845'} != ContactData{id='2147483647', name='Hanna'} expected [ContactData{id='43', name='Jezierska Hanna +483453845'}] but found [ContactData{id='2147483647', name='Hanna'}]
at ru.stqa.pft.addressbook.test.NewContactCreation.testNewContactCreation(NewContactCreation.java:29)
... Removed 29 stack frames]]>
    </failure>
  </testcase> <!-- testNewContactCreation -->
</testsuite> <!-- Sandbox -->
